<?xml version="1.0" encoding="UTF-8"?>
<coverage generated="1664464530928" clover="3.2.0">
  <project timestamp="1664464530928" name="All files">
    <metrics statements="5" coveredstatements="5" conditionals="2" coveredconditionals="2" methods="1" coveredmethods="1" elements="8" coveredelements="8" complexity="0" loc="5" ncloc="5" packages="1" files="1" classes="1"/>
    <file name="is-prime.js" path="C:\Users\235181\Desktop\BEDU\javascript\Sesion 8\is-prime\is-prime.js">
      <metrics statements="5" coveredstatements="5" conditionals="2" coveredconditionals="2" methods="1" coveredmethods="1"/>
      <line num="1" count="1" type="stmt"/>
      <line num="2" count="1025" type="stmt"/>
      <line num="4" count="2317" type="cond" truecount="2" falsecount="0"/>
      <line num="6" count="1000" type="stmt"/>
      <line num="9" count="25" type="stmt"/>
    </file>
  </project>
</coverage>
