{"C:\\Users\\235181\\Desktop\\BEDU\\javascript\\Sesion 8\\is-prime\\is-prime.js": {"path":"C:\\Users\\235181\\Desktop\\BEDU\\javascript\\Sesion 8\\is-prime\\is-prime.js","statementMap":{"0":{"start":{"line":1,"column":0},"end":{"line":10,"column":1}},"1":{"start":{"line":2,"column":4},"end":{"line":8,"column":5}},"2":{"start":{"line":2,"column":16},"end":{"line":2,"column":17}},"3":{"start":{"line":4,"column":8},"end":{"line":7,"column":9}},"4":{"start":{"line":6,"column":12},"end":{"line":6,"column":25}},"5":{"start":{"line":9,"column":4},"end":{"line":9,"column":16}}},"fnMap":{"0":{"name":"(anonymous_0)","decl":{"start":{"line":1,"column":18},"end":{"line":1,"column":19}},"loc":{"start":{"line":1,"column":31},"end":{"line":10,"column":1}},"line":1}},"branchMap":{"0":{"loc":{"start":{"line":4,"column":8},"end":{"line":7,"column":9}},"type":"if","locations":[{"start":{"line":4,"column":8},"end":{"line":7,"column":9}},{"start":{},"end":{}}],"line":4}},"s":{"0":1,"1":1025,"2":1025,"3":2317,"4":1000,"5":25},"f":{"0":1025},"b":{"0":[1000,1317]},"_coverageSchema":"1a1c01bbd47fc00a2c39e90264f33305004495a9","hash":"c58726ce4374c61a3910932220f432a6e2aecd60"}
}
